<?xml version="1.0" encoding="UTF-8"?>
<testsuite xmlns:xsi="http://www.w3.org/2001/XMLSchema-instance" xsi:noNamespaceSchemaLocation="https://maven.apache.org/surefire/maven-surefire-plugin/xsd/surefire-test-report.xsd" name="com.akka.training.EndToEndTests" time="15.235" tests="1" errors="0" skipped="0" failures="1">
  <properties>
    <property name="java.specification.version" value="21"/>
    <property name="sun.jnu.encoding" value="UTF-8"/>
    <property name="java.class.path" value="/Users/brenteritou/dev/AIP-J/exercises/java/001_request_response_pattern/target/test-classes:/Users/brenteritou/dev/AIP-J/exercises/java/001_request_response_pattern/target/classes:/Users/brenteritou/.m2/repository/ch/qos/logback/logback-classic/1.2.11/logback-classic-1.2.11.jar:/Users/brenteritou/.m2/repository/ch/qos/logback/logback-core/1.2.11/logback-core-1.2.11.jar:/Users/brenteritou/.m2/repository/org/slf4j/slf4j-api/1.7.32/slf4j-api-1.7.32.jar:/Users/brenteritou/.m2/repository/com/typesafe/akka/akka-actor-typed_2.13/2.9.4/akka-actor-typed_2.13-2.9.4.jar:/Users/brenteritou/.m2/repository/org/scala-lang/scala-library/2.13.14/scala-library-2.13.14.jar:/Users/brenteritou/.m2/repository/com/typesafe/akka/akka-actor_2.13/2.9.4/akka-actor_2.13-2.9.4.jar:/Users/brenteritou/.m2/repository/com/typesafe/config/1.4.3/config-1.4.3.jar:/Users/brenteritou/.m2/repository/org/scala-lang/modules/scala-java8-compat_2.13/1.0.2/scala-java8-compat_2.13-1.0.2.jar:/Users/brenteritou/.m2/repository/com/typesafe/akka/akka-slf4j_2.13/2.9.4/akka-slf4j_2.13-2.9.4.jar:/Users/brenteritou/.m2/repository/com/typesafe/akka/akka-actor-testkit-typed_2.13/2.9.4/akka-actor-testkit-typed_2.13-2.9.4.jar:/Users/brenteritou/.m2/repository/com/typesafe/akka/akka-testkit_2.13/2.9.4/akka-testkit_2.13-2.9.4.jar:/Users/brenteritou/.m2/repository/junit/junit/4.13.2/junit-4.13.2.jar:/Users/brenteritou/.m2/repository/org/hamcrest/hamcrest-core/1.3/hamcrest-core-1.3.jar:"/>
    <property name="java.vm.vendor" value="Homebrew"/>
    <property name="sun.arch.data.model" value="64"/>
    <property name="java.vendor.url" value="https://github.com/Homebrew/homebrew-core/issues"/>
    <property name="os.name" value="Mac OS X"/>
    <property name="java.vm.specification.version" value="21"/>
    <property name="sun.java.launcher" value="SUN_STANDARD"/>
    <property name="user.country" value="CA"/>
    <property name="sun.boot.library.path" value="/opt/homebrew/Cellar/openjdk@21/21.0.5/libexec/openjdk.jdk/Contents/Home/lib"/>
    <property name="sun.java.command" value="/Users/brenteritou/dev/AIP-J/exercises/java/001_request_response_pattern/target/surefire/surefirebooter12096230837109897476.jar /Users/brenteritou/dev/AIP-J/exercises/java/001_request_response_pattern/target/surefire 2024-11-28T15-17-35_540-jvmRun1 surefire6402320532153830266tmp surefire_014406412124952838055tmp"/>
    <property name="http.nonProxyHosts" value="local|*.local|169.254/16|*.169.254/16"/>
    <property name="jdk.debug" value="release"/>
    <property name="surefire.test.class.path" value="/Users/brenteritou/dev/AIP-J/exercises/java/001_request_response_pattern/target/test-classes:/Users/brenteritou/dev/AIP-J/exercises/java/001_request_response_pattern/target/classes:/Users/brenteritou/.m2/repository/ch/qos/logback/logback-classic/1.2.11/logback-classic-1.2.11.jar:/Users/brenteritou/.m2/repository/ch/qos/logback/logback-core/1.2.11/logback-core-1.2.11.jar:/Users/brenteritou/.m2/repository/org/slf4j/slf4j-api/1.7.32/slf4j-api-1.7.32.jar:/Users/brenteritou/.m2/repository/com/typesafe/akka/akka-actor-typed_2.13/2.9.4/akka-actor-typed_2.13-2.9.4.jar:/Users/brenteritou/.m2/repository/org/scala-lang/scala-library/2.13.14/scala-library-2.13.14.jar:/Users/brenteritou/.m2/repository/com/typesafe/akka/akka-actor_2.13/2.9.4/akka-actor_2.13-2.9.4.jar:/Users/brenteritou/.m2/repository/com/typesafe/config/1.4.3/config-1.4.3.jar:/Users/brenteritou/.m2/repository/org/scala-lang/modules/scala-java8-compat_2.13/1.0.2/scala-java8-compat_2.13-1.0.2.jar:/Users/brenteritou/.m2/repository/com/typesafe/akka/akka-slf4j_2.13/2.9.4/akka-slf4j_2.13-2.9.4.jar:/Users/brenteritou/.m2/repository/com/typesafe/akka/akka-actor-testkit-typed_2.13/2.9.4/akka-actor-testkit-typed_2.13-2.9.4.jar:/Users/brenteritou/.m2/repository/com/typesafe/akka/akka-testkit_2.13/2.9.4/akka-testkit_2.13-2.9.4.jar:/Users/brenteritou/.m2/repository/junit/junit/4.13.2/junit-4.13.2.jar:/Users/brenteritou/.m2/repository/org/hamcrest/hamcrest-core/1.3/hamcrest-core-1.3.jar:"/>
    <property name="sun.cpu.endian" value="little"/>
    <property name="user.home" value="/Users/brenteritou"/>
    <property name="user.language" value="en"/>
    <property name="java.specification.vendor" value="Oracle Corporation"/>
    <property name="java.version.date" value="2024-10-15"/>
    <property name="java.home" value="/opt/homebrew/Cellar/openjdk@21/21.0.5/libexec/openjdk.jdk/Contents/Home"/>
    <property name="file.separator" value="/"/>
    <property name="basedir" value="/Users/brenteritou/dev/AIP-J/exercises/java/001_request_response_pattern"/>
    <property name="java.vm.compressedOopsMode" value="Zero based"/>
    <property name="line.separator" value="&#10;"/>
    <property name="java.vm.specification.vendor" value="Oracle Corporation"/>
    <property name="java.specification.name" value="Java Platform API Specification"/>
    <property name="apple.awt.application.name" value="ForkedBooter"/>
    <property name="surefire.real.class.path" value="/Users/brenteritou/dev/AIP-J/exercises/java/001_request_response_pattern/target/surefire/surefirebooter12096230837109897476.jar"/>
    <property name="sun.management.compiler" value="HotSpot 64-Bit Tiered Compilers"/>
    <property name="ftp.nonProxyHosts" value="local|*.local|169.254/16|*.169.254/16"/>
    <property name="java.runtime.version" value="21.0.5"/>
    <property name="user.name" value="brenteritou"/>
    <property name="stdout.encoding" value="UTF-8"/>
    <property name="path.separator" value=":"/>
    <property name="os.version" value="15.1.1"/>
    <property name="java.runtime.name" value="OpenJDK Runtime Environment"/>
    <property name="file.encoding" value="UTF-8"/>
    <property name="java.vm.name" value="OpenJDK 64-Bit Server VM"/>
    <property name="java.vendor.version" value="Homebrew"/>
    <property name="localRepository" value="/Users/brenteritou/.m2/repository"/>
    <property name="java.vendor.url.bug" value="https://github.com/Homebrew/homebrew-core/issues"/>
    <property name="java.io.tmpdir" value="/var/folders/l6/69fc5y_14x93w1mnx3q3gbg80000gn/T/"/>
    <property name="java.version" value="21.0.5"/>
    <property name="user.dir" value="/Users/brenteritou/dev/AIP-J/exercises/java/001_request_response_pattern"/>
    <property name="os.arch" value="aarch64"/>
    <property name="java.vm.specification.name" value="Java Virtual Machine Specification"/>
    <property name="native.encoding" value="UTF-8"/>
    <property name="java.library.path" value="/Users/brenteritou/Library/Java/Extensions:/Library/Java/Extensions:/Network/Library/Java/Extensions:/System/Library/Java/Extensions:/usr/lib/java:."/>
    <property name="java.vm.info" value="mixed mode, sharing"/>
    <property name="stderr.encoding" value="UTF-8"/>
    <property name="java.vendor" value="Homebrew"/>
    <property name="java.vm.version" value="21.0.5"/>
    <property name="sun.io.unicode.encoding" value="UnicodeBig"/>
    <property name="socksNonProxyHosts" value="local|*.local|169.254/16|*.169.254/16"/>
    <property name="java.class.version" value="65.0"/>
  </properties>
  <testcase name="brewCoffee" classname="com.akka.training.EndToEndTests" time="15.018">
    <failure message="Timeout (15 seconds) waiting for 1 messages on LoggingTestKitImpl(1,Some(INFO),None,None,Some(Barista: Picking up Akkaccino),None,None,Map(),true,None)." type="java.lang.AssertionError">java.lang.AssertionError: Timeout (15 seconds) waiting for 1 messages on LoggingTestKitImpl(1,Some(INFO),None,None,Some(Barista: Picking up Akkaccino),None,None,Map(),true,None).
	at com.akka.training.EndToEndTests.brewCoffee(EndToEndTests.java:26)
</failure>
    <system-out><![CDATA[15:18:36.170 [EndToEndTests-akka.actor.default-dispatcher-4] INFO akka.event.slf4j.Slf4jLogger - Slf4jLogger started
15:18:36.199 [main] DEBUG EndToEndTests - Starting ActorTestKit
15:18:36.204 [EndToEndTests-akka.actor.default-dispatcher-5] INFO com.akka.training.CoffeeMachine - CoffeeMachine: IDLE
15:18:36.206 [EndToEndTests-akka.actor.default-dispatcher-5] INFO com.akka.training.Barista - Orders:[Lisa->Akkaccino]
]]></system-out>
  </testcase>
</testsuite>